<?xml version="1.0" encoding="UTF-8"?>
<!-- Generated by org.testng.reporters.JUnitReportReporter -->
<testsuite skipped="0" hostname="DESKTOP-9DTTD1G" name="test.LoginActions" tests="1" failures="0" timestamp="2019-09-25T00:49:22 MDT" time="32.606" errors="0">
  <testcase name="testCase" time="32.606" classname="test.LoginActions"/>
</testsuite> <!-- test.LoginActions -->
